生成启动时间为 2019/11/9 16:15:57。
     1>项目“E:\仓库\二分\二分\二分.vcxproj”在节点 2 上(Build 个目标)。
     1>ClCompile:
         C:\Program Files (x86)\Microsoft Visual Studio 12.0\VC\bin\CL.exe /c /ZI /nologo /W3 /WX- /Od /Oy- /D WIN32 /D _DEBUG /D _CONSOLE /D _LIB /D _UNICODE /D UNICODE /Gm /EHsc /RTC1 /MDd /GS /fp:precise /Zc:wchar_t /Zc:forScope /Fo"Debug\\" /Fd"Debug\vc120.pdb" /Gd /TC /analyze- /errorReport:prompt Test.c
         Test.c
     1>e:\仓库\二分\二分\test.c(32): warning C4047: “函数”:“int *”与“int (*)[7]”的间接级别不同
     1>e:\仓库\二分\二分\test.c(32): warning C4024: “twofiind”: 形参和实参 1 的类型不同
     1>e:\仓库\二分\二分\test.c(33): warning C4047: “函数”:“int *”与“int (*)[7]”的间接级别不同
     1>e:\仓库\二分\二分\test.c(33): warning C4024: “twofiind”: 形参和实参 1 的类型不同
     1>e:\仓库\二分\二分\test.c(34): warning C4047: “函数”:“int *”与“int (*)[7]”的间接级别不同
     1>e:\仓库\二分\二分\test.c(34): warning C4024: “twofiind”: 形参和实参 1 的类型不同
     1>e:\仓库\二分\二分\test.c(35): warning C4047: “函数”:“int *”与“int (*)[7]”的间接级别不同
     1>e:\仓库\二分\二分\test.c(35): warning C4024: “twofiind”: 形参和实参 1 的类型不同
     1>e:\仓库\二分\二分\test.c(28): warning C4101: “n”: 未引用的局部变量
       Link:
         C:\Program Files (x86)\Microsoft Visual Studio 12.0\VC\bin\link.exe /ERRORREPORT:PROMPT /OUT:"E:\仓库\二分\Debug\二分.exe" /INCREMENTAL /NOLOGO kernel32.lib user32.lib gdi32.lib winspool.lib comdlg32.lib advapi32.lib shell32.lib ole32.lib oleaut32.lib uuid.lib odbc32.lib odbccp32.lib /MANIFEST /MANIFESTUAC:"level='asInvoker' uiAccess='false'" /manifest:embed /DEBUG /PDB:"E:\仓库\二分\Debug\二分.pdb" /SUBSYSTEM:CONSOLE /TLBID:1 /DYNAMICBASE /NXCOMPAT /IMPLIB:"E:\仓库\二分\Debug\二分.lib" /MACHINE:X86 Debug\Test.obj
         二分.vcxproj -> E:\仓库\二分\Debug\二分.exe
     1>已完成生成项目“E:\仓库\二分\二分\二分.vcxproj”(Build 个目标)的操作。

生成成功。

已用时间 00:00:00.26
